Using pre-set license
Built from '2020.2/staging' branch; Version is '2020.2.3f1 (8ff31bc5bf5b) revision 9433883'; Using compiler version '192528614'; Build Type 'Release'
OS: 'Windows 10 Home; OS build 18363.1316; Version 1909; 64bit' Language: 'en' Physical Memory: 16245 MB
BatchMode: 1, IsHumanControllingUs: 0, StartBugReporterOnCrash: 0, Is64bit: 1, IsPro: 0

 COMMAND LINE ARGUMENTS:
C:\Program Files\Unity\Hub\Editor\2020.2.3f1\Editor\Unity.exe
-adb2
-batchMode
-noUpm
-name
AssetImportWorker0
-projectPath
C:/Users/wrhod/Documents/MFA Local/Repos/hazardzone/Hazard Zone
-logFile
Logs/AssetImportWorker0.log
-srvPort
55463
Successfully changed project path to: C:/Users/wrhod/Documents/MFA Local/Repos/hazardzone/Hazard Zone
C:/Users/wrhod/Documents/MFA Local/Repos/hazardzone/Hazard Zone
Using Asset Import Pipeline V2.
Refreshing native plugins compatible for Editor in 21.21 ms, found 0 plugins.
Preloading 0 native plugins for Editor in 0.00 ms.
Initialize engine version: 2020.2.3f1 (8ff31bc5bf5b)
[Subsystems] Discovering subsystems at path C:/Program Files/Unity/Hub/Editor/2020.2.3f1/Editor/Data/Resources/UnitySubsystems
[Subsystems] Discovering subsystems at path C:/Users/wrhod/Documents/MFA Local/Repos/hazardzone/Hazard Zone/Assets
GfxDevice: creating device client; threaded=0
Direct3D:
    Version:  Direct3D 11.0 [level 11.1]
    Renderer: NVIDIA GeForce RTX 2070 with Max-Q Design (ID=0x1f14)
    Vendor:   
    VRAM:     8031 MB
    Driver:   26.21.14.4253
Initialize mono
Mono path[0] = 'C:/Program Files/Unity/Hub/Editor/2020.2.3f1/Editor/Data/Managed'
Mono path[1] = 'C:/Program Files/Unity/Hub/Editor/2020.2.3f1/Editor/Data/MonoBleedingEdge/lib/mono/unityjit'
Mono config path = 'C:/Program Files/Unity/Hub/Editor/2020.2.3f1/Editor/Data/MonoBleedingEdge/etc'
Using monoOptions --debugger-agent=transport=dt_socket,embedding=1,server=y,suspend=n,address=127.0.0.1:56580
Begin MonoManager ReloadAssembly
Registering precompiled unity dll's ...
Register platform support module: C:/Program Files/Unity/Hub/Editor/2020.2.3f1/Editor/Data/PlaybackEngines/WebGLSupport/UnityEditor.WebGL.Extensions.dll
Register platform support module: C:/Program Files/Unity/Hub/Editor/2020.2.3f1/Editor/Data/PlaybackEngines/MacStandaloneSupport/UnityEditor.OSXStandalone.Extensions.dll
Register platform support module: C:/Program Files/Unity/Hub/Editor/2020.2.3f1/Editor/Data/PlaybackEngines/WindowsStandaloneSupport/UnityEditor.WindowsStandalone.Extensions.dll
Registered in 0.002058 seconds.
Native extension for WindowsStandalone target not found
Native extension for OSXStandalone target not found
Native extension for WebGL target not found
Refreshing native plugins compatible for Editor in 23.71 ms, found 0 plugins.
Preloading 0 native plugins for Editor in 0.00 ms.
Invoked RoslynAnalysisRunner static constructor.
RoslynAnalysisRunner will not be running.
RoslynAnalysisRunner has terminated.
Mono: successfully reloaded assembly
- Completed reload, in  0.891 seconds
Platform modules already initialized, skipping
Registering precompiled user dll's ...
Registered in 0.000549 seconds.
Begin MonoManager ReloadAssembly
Native extension for WindowsStandalone target not found
Native extension for OSXStandalone target not found
Native extension for WebGL target not found
Refreshing native plugins compatible for Editor in 0.20 ms, found 0 plugins.
Preloading 0 native plugins for Editor in 0.00 ms.
Invoked RoslynAnalysisRunner static constructor.
RoslynAnalysisRunner will not be running.
RoslynAnalysisRunner has terminated.
Mono: successfully reloaded assembly
- Completed reload, in  0.702 seconds
Platform modules already initialized, skipping
========================================================================
Worker process is ready to serve import requests
Launched and connected shader compiler UnityShaderCompiler.exe after 0.04 seconds
Refreshing native plugins compatible for Editor in 0.22 ms, found 0 plugins.
Preloading 0 native plugins for Editor in 0.00 ms.
Unloading 1172 Unused Serialized files (Serialized files now loaded: 0)
System memory in use before: 63.9 MB.
System memory in use after: 63.6 MB.

Unloading 12 unused Assets to reduce memory usage. Loaded Objects now: 1614.
Total: 2.019300 ms (FindLiveObjects: 0.178200 ms CreateObjectMapping: 0.053700 ms MarkObjects: 1.489100 ms  DeleteObjects: 0.297400 ms)

========================================================================
Received Import Request.
  path: Assets/First Person Drifter Controller/Player.prefab
  artifactKey: Guid(25e3ab2d6992a48f3ab7455baed062e0) Importer(815301076,1909f56bfc062723c751e8b465ee728b)
Start importing Assets/First Person Drifter Controller/Player.prefab using Guid(25e3ab2d6992a48f3ab7455baed062e0) Importer(815301076,1909f56bfc062723c751e8b465ee728b)  -> (artifact id: 'a41fcb617c5034a40471c347f173e5c7') in 0.086487 seconds
  Import took 0.088292 seconds .

========================================================================
Received Import Request.
  Time since last request: 0.000133 seconds.
  path: Assets/First Person Drifter Controller/PauseMenu.prefab
  artifactKey: Guid(2107f694de6514f70bd16ce5102284c0) Importer(815301076,1909f56bfc062723c751e8b465ee728b)
Start importing Assets/First Person Drifter Controller/PauseMenu.prefab using Guid(2107f694de6514f70bd16ce5102284c0) Importer(815301076,1909f56bfc062723c751e8b465ee728b)  -> (artifact id: 'ffac8d188c998c35fe27d67e83d17559') in 0.008104 seconds
  Import took 0.009955 seconds .

========================================================================
Received Import Request.
  Time since last request: 0.000221 seconds.
  path: Assets/First Person Drifter Controller/VanillaPlayer.prefab
  artifactKey: Guid(f27b3fd2e6b194b9b964e097240e5f2c) Importer(815301076,1909f56bfc062723c751e8b465ee728b)
Start importing Assets/First Person Drifter Controller/VanillaPlayer.prefab using Guid(f27b3fd2e6b194b9b964e097240e5f2c) Importer(815301076,1909f56bfc062723c751e8b465ee728b)  -> (artifact id: '760035f7b4ab5715aca685adb519ac14') in 0.011012 seconds
  Import took 0.013057 seconds .

========================================================================
Received Import Request.
  Time since last request: 0.118499 seconds.
  path: Assets/First Person Drifter Controller/info.txt
  artifactKey: Guid(3b3051b6be18940a18df2530106395a0) Importer(815301076,1909f56bfc062723c751e8b465ee728b)
Start importing Assets/First Person Drifter Controller/info.txt using Guid(3b3051b6be18940a18df2530106395a0) Importer(815301076,1909f56bfc062723c751e8b465ee728b)  -> (artifact id: '6e9a12619d8084be997f756250c30639') in 0.012174 seconds
  Import took 0.014006 seconds .

========================================================================
Received Import Request.
  Time since last request: 0.541454 seconds.
  path: Assets/First Person Drifter Controller/Scripts
  artifactKey: Guid(d5dfcb7afbd533f41aa5e9a3fe2170ad) Importer(815301076,1909f56bfc062723c751e8b465ee728b)
Start importing Assets/First Person Drifter Controller/Scripts using Guid(d5dfcb7afbd533f41aa5e9a3fe2170ad) Importer(815301076,1909f56bfc062723c751e8b465ee728b)  -> (artifact id: 'ae3fa8c02ac58c5cfb15a21e184d4a14') in 0.006011 seconds
  Import took 0.007961 seconds .

========================================================================
Received Prepare
Registering precompiled user dll's ...
Registered in 0.000501 seconds.
Begin MonoManager ReloadAssembly
Native extension for WindowsStandalone target not found
Native extension for OSXStandalone target not found
Native extension for WebGL target not found
Refreshing native plugins compatible for Editor in 0.20 ms, found 0 plugins.
Preloading 0 native plugins for Editor in 0.00 ms.
Invoked RoslynAnalysisRunner static constructor.
RoslynAnalysisRunner will not be running.
RoslynAnalysisRunner has terminated.
Mono: successfully reloaded assembly
- Completed reload, in  0.644 seconds
Platform modules already initialized, skipping
Refreshing native plugins compatible for Editor in 0.20 ms, found 0 plugins.
Preloading 0 native plugins for Editor in 0.00 ms.
Unloading 1159 Unused Serialized files (Serialized files now loaded: 0)
System memory in use before: 66.4 MB.
System memory in use after: 66.1 MB.

Unloading 8 unused Assets to reduce memory usage. Loaded Objects now: 1624.
Total: 1.635800 ms (FindLiveObjects: 0.247400 ms CreateObjectMapping: 0.034800 ms MarkObjects: 1.095100 ms  DeleteObjects: 0.256500 ms)

AssetImportWorkerClient::OnTransportError - code=2 error=End of file
